2021-11-08 23:01:45 INFO  StepDefinitions:20 - Launch a web browser to go to Swaglabs login page
2021-11-08 23:01:46 INFO  StepDefinitions:25 - Enter a valid username as a {string} and password as a {string}
2021-11-08 23:01:46 INFO  StepDefinitions:31 - Click on login button
2021-11-08 23:01:46 INFO  StepDefinitions:36 - Verify the products page to make sure success login
2021-11-08 23:01:48 INFO  StepDefinitions:20 - Launch a web browser to go to Swaglabs login page
2021-11-08 23:01:48 INFO  StepDefinitions:41 - Enter a invalid username as a {string} and valid password as a {string}
2021-11-08 23:01:49 INFO  StepDefinitions:31 - Click on login button
2021-11-08 23:01:49 INFO  StepDefinitions:47 - Verify the error message {string}
2021-11-08 23:01:50 INFO  StepDefinitions:20 - Launch a web browser to go to Swaglabs login page
2021-11-08 23:01:51 INFO  StepDefinitions:52 - Enter a valid username as a {string} and invalid password as a {string}
2021-11-08 23:01:51 INFO  StepDefinitions:31 - Click on login button
2021-11-08 23:01:51 INFO  StepDefinitions:47 - Verify the error message {string}
2021-11-08 23:01:53 INFO  StepDefinitions:20 - Launch a web browser to go to Swaglabs login page
2021-11-08 23:01:53 INFO  StepDefinitions:58 - Do not enter username
2021-11-08 23:01:53 INFO  StepDefinitions:63 - Enter a valid password as a {string}
2021-11-08 23:01:53 INFO  StepDefinitions:31 - Click on login button
2021-11-08 23:01:54 INFO  StepDefinitions:47 - Verify the error message {string}
2021-11-08 23:01:55 INFO  StepDefinitions:20 - Launch a web browser to go to Swaglabs login page
2021-11-08 23:01:56 INFO  StepDefinitions:68 - Enter a valid username as a {string}
2021-11-08 23:01:56 INFO  StepDefinitions:73 - Do not enter password
2021-11-08 23:01:56 INFO  StepDefinitions:31 - Click on login button
2021-11-08 23:01:56 INFO  StepDefinitions:47 - Verify the error message {string}
2021-11-08 23:01:57 INFO  StepDefinitions:20 - Launch a web browser to go to Swaglabs login page
2021-11-08 23:01:59 INFO  StepDefinitions:78 - Enter a locked account's username as a {string} and password as a {string}
2021-11-08 23:01:59 INFO  StepDefinitions:31 - Click on login button
2021-11-08 23:01:59 INFO  StepDefinitions:47 - Verify the error message {string}
2021-11-08 23:02:01 INFO  StepDefinitions:20 - Launch a web browser to go to Swaglabs login page
2021-11-08 23:02:02 INFO  StepDefinitions:41 - Enter a invalid username as a {string} and valid password as a {string}
2021-11-08 23:02:02 INFO  StepDefinitions:84 - Click on x button beside the username
2021-11-08 23:02:33 INFO  StepDefinitions:20 - Launch a web browser to go to Swaglabs login page
2021-11-08 23:02:34 INFO  StepDefinitions:41 - Enter a invalid username as a {string} and valid password as a {string}
2021-11-08 23:02:34 INFO  StepDefinitions:94 - Click on x button beside the password
2021-11-08 23:06:44 INFO  StepDefinitions:20 - Launch a web browser to go to Swaglabs login page
2021-11-08 23:06:44 INFO  StepDefinitions:25 - Enter a valid username as a {string} and password as a {string}
2021-11-08 23:06:45 INFO  StepDefinitions:31 - Click on login button
2021-11-08 23:06:45 INFO  StepDefinitions:36 - Verify the products page to make sure success login
2021-11-08 23:06:46 INFO  StepDefinitions:20 - Launch a web browser to go to Swaglabs login page
2021-11-08 23:06:47 INFO  StepDefinitions:41 - Enter a invalid username as a {string} and valid password as a {string}
2021-11-08 23:06:47 INFO  StepDefinitions:31 - Click on login button
2021-11-08 23:06:47 INFO  StepDefinitions:47 - Verify the error message {string}
2021-11-08 23:06:49 INFO  StepDefinitions:20 - Launch a web browser to go to Swaglabs login page
2021-11-08 23:06:49 INFO  StepDefinitions:52 - Enter a valid username as a {string} and invalid password as a {string}
2021-11-08 23:06:50 INFO  StepDefinitions:31 - Click on login button
2021-11-08 23:06:50 INFO  StepDefinitions:47 - Verify the error message {string}
2021-11-08 23:06:51 INFO  StepDefinitions:20 - Launch a web browser to go to Swaglabs login page
2021-11-08 23:06:52 INFO  StepDefinitions:58 - Do not enter username
2021-11-08 23:06:52 INFO  StepDefinitions:63 - Enter a valid password as a {string}
2021-11-08 23:06:52 INFO  StepDefinitions:31 - Click on login button
2021-11-08 23:06:52 INFO  StepDefinitions:47 - Verify the error message {string}
2021-11-08 23:06:53 INFO  StepDefinitions:20 - Launch a web browser to go to Swaglabs login page
2021-11-08 23:06:54 INFO  StepDefinitions:68 - Enter a valid username as a {string}
2021-11-08 23:06:54 INFO  StepDefinitions:73 - Do not enter password
2021-11-08 23:06:54 INFO  StepDefinitions:31 - Click on login button
2021-11-08 23:06:54 INFO  StepDefinitions:47 - Verify the error message {string}
2021-11-08 23:06:56 INFO  StepDefinitions:20 - Launch a web browser to go to Swaglabs login page
2021-11-08 23:06:56 INFO  StepDefinitions:78 - Enter a locked account's username as a {string} and password as a {string}
2021-11-08 23:06:57 INFO  StepDefinitions:31 - Click on login button
2021-11-08 23:06:57 INFO  StepDefinitions:47 - Verify the error message {string}
2021-11-08 23:06:58 INFO  StepDefinitions:20 - Launch a web browser to go to Swaglabs login page
2021-11-08 23:07:00 INFO  StepDefinitions:41 - Enter a invalid username as a {string} and valid password as a {string}
2021-11-08 23:07:00 INFO  StepDefinitions:31 - Click on login button
2021-11-08 23:07:01 INFO  StepDefinitions:84 - Click on x button beside the username
2021-11-08 23:07:03 INFO  StepDefinitions:20 - Launch a web browser to go to Swaglabs login page
2021-11-08 23:07:04 INFO  StepDefinitions:41 - Enter a invalid username as a {string} and valid password as a {string}
2021-11-08 23:07:04 INFO  StepDefinitions:31 - Click on login button
2021-11-08 23:07:04 INFO  StepDefinitions:94 - Click on x button beside the password
2021-11-08 23:08:27 INFO  StepDefinitions:20 - Launch a web browser to go to Swaglabs login page
2021-11-08 23:08:27 INFO  StepDefinitions:25 - Enter a valid username as a {string} and password as a {string}
2021-11-08 23:08:28 INFO  StepDefinitions:31 - Click on login button
2021-11-08 23:08:28 INFO  StepDefinitions:36 - Verify the products page to make sure success login
2021-11-08 23:10:50 INFO  StepDefinitions:20 - Launch a web browser to go to Swaglabs login page
2021-11-08 23:10:50 INFO  StepDefinitions:25 - Enter a valid username as a {string} and password as a {string}
2021-11-08 23:10:51 INFO  StepDefinitions:31 - Click on login button
2021-11-08 23:10:51 INFO  StepDefinitions:36 - Verify the products page to make sure success login
2021-11-08 23:12:03 INFO  StepDefinitions:20 - Launch a web browser to go to Swaglabs login page
2021-11-08 23:12:05 INFO  StepDefinitions:25 - Enter a valid username as a {string} and password as a {string}
2021-11-08 23:12:05 INFO  StepDefinitions:31 - Click on login button
2021-11-08 23:12:05 INFO  StepDefinitions:36 - Verify the products page to make sure success login
2021-11-08 23:12:07 INFO  StepDefinitions:20 - Launch a web browser to go to Swaglabs login page
2021-11-08 23:12:07 INFO  StepDefinitions:41 - Enter a invalid username as a {string} and valid password as a {string}
2021-11-08 23:12:07 INFO  StepDefinitions:31 - Click on login button
2021-11-08 23:12:08 INFO  StepDefinitions:47 - Verify the error message {string}
2021-11-08 23:12:09 INFO  StepDefinitions:20 - Launch a web browser to go to Swaglabs login page
2021-11-08 23:12:10 INFO  StepDefinitions:52 - Enter a valid username as a {string} and invalid password as a {string}
2021-11-08 23:12:10 INFO  StepDefinitions:31 - Click on login button
2021-11-08 23:12:10 INFO  StepDefinitions:47 - Verify the error message {string}
2021-11-08 23:12:11 INFO  StepDefinitions:20 - Launch a web browser to go to Swaglabs login page
2021-11-08 23:12:12 INFO  StepDefinitions:58 - Do not enter username
2021-11-08 23:12:12 INFO  StepDefinitions:63 - Enter a valid password as a {string}
2021-11-08 23:12:12 INFO  StepDefinitions:31 - Click on login button
2021-11-08 23:12:12 INFO  StepDefinitions:47 - Verify the error message {string}
2021-11-08 23:12:14 INFO  StepDefinitions:20 - Launch a web browser to go to Swaglabs login page
2021-11-08 23:12:14 INFO  StepDefinitions:68 - Enter a valid username as a {string}
2021-11-08 23:12:14 INFO  StepDefinitions:73 - Do not enter password
2021-11-08 23:12:14 INFO  StepDefinitions:31 - Click on login button
2021-11-08 23:12:15 INFO  StepDefinitions:47 - Verify the error message {string}
2021-11-08 23:12:16 INFO  StepDefinitions:20 - Launch a web browser to go to Swaglabs login page
2021-11-08 23:12:17 INFO  StepDefinitions:78 - Enter a locked account's username as a {string} and password as a {string}
2021-11-08 23:12:17 INFO  StepDefinitions:31 - Click on login button
2021-11-08 23:12:17 INFO  StepDefinitions:47 - Verify the error message {string}
2021-11-08 23:12:19 INFO  StepDefinitions:20 - Launch a web browser to go to Swaglabs login page
2021-11-08 23:12:19 INFO  StepDefinitions:41 - Enter a invalid username as a {string} and valid password as a {string}
2021-11-08 23:12:19 INFO  StepDefinitions:31 - Click on login button
2021-11-08 23:12:19 INFO  StepDefinitions:84 - Click on x button beside the username
2021-11-08 23:12:22 INFO  StepDefinitions:20 - Launch a web browser to go to Swaglabs login page
2021-11-08 23:12:23 INFO  StepDefinitions:41 - Enter a invalid username as a {string} and valid password as a {string}
2021-11-08 23:12:23 INFO  StepDefinitions:31 - Click on login button
2021-11-08 23:12:23 INFO  StepDefinitions:94 - Click on x button beside the password
2021-11-08 23:14:56 INFO  StepDefinitions:20 - Launch a web browser to go to Swaglabs login page
2021-11-08 23:14:56 INFO  StepDefinitions:25 - Enter a valid username as a {string} and password as a {string}
2021-11-08 23:14:56 INFO  StepDefinitions:31 - Click on login button
2021-11-08 23:14:57 INFO  StepDefinitions:36 - Verify the products page to make sure success login
2021-11-08 23:14:58 INFO  StepDefinitions:20 - Launch a web browser to go to Swaglabs login page
2021-11-08 23:14:59 INFO  StepDefinitions:41 - Enter a invalid username as a {string} and valid password as a {string}
2021-11-08 23:14:59 INFO  StepDefinitions:31 - Click on login button
2021-11-08 23:14:59 INFO  StepDefinitions:47 - Verify the error message {string}
2021-11-08 23:15:01 INFO  StepDefinitions:20 - Launch a web browser to go to Swaglabs login page
2021-11-08 23:15:01 INFO  StepDefinitions:52 - Enter a valid username as a {string} and invalid password as a {string}
2021-11-08 23:15:01 INFO  StepDefinitions:31 - Click on login button
2021-11-08 23:15:02 INFO  StepDefinitions:47 - Verify the error message {string}
2021-11-08 23:15:03 INFO  StepDefinitions:20 - Launch a web browser to go to Swaglabs login page
2021-11-08 23:15:05 INFO  StepDefinitions:58 - Do not enter username
2021-11-08 23:15:05 INFO  StepDefinitions:63 - Enter a valid password as a {string}
2021-11-08 23:15:05 INFO  StepDefinitions:31 - Click on login button
2021-11-08 23:15:05 INFO  StepDefinitions:47 - Verify the error message {string}
2021-11-08 23:15:06 INFO  StepDefinitions:20 - Launch a web browser to go to Swaglabs login page
2021-11-08 23:15:07 INFO  StepDefinitions:68 - Enter a valid username as a {string}
2021-11-08 23:15:07 INFO  StepDefinitions:73 - Do not enter password
2021-11-08 23:15:07 INFO  StepDefinitions:31 - Click on login button
2021-11-08 23:15:07 INFO  StepDefinitions:47 - Verify the error message {string}
2021-11-08 23:15:09 INFO  StepDefinitions:20 - Launch a web browser to go to Swaglabs login page
2021-11-08 23:15:10 INFO  StepDefinitions:78 - Enter a locked account's username as a {string} and password as a {string}
2021-11-08 23:15:10 INFO  StepDefinitions:31 - Click on login button
2021-11-08 23:15:10 INFO  StepDefinitions:47 - Verify the error message {string}
2021-11-08 23:15:12 INFO  StepDefinitions:20 - Launch a web browser to go to Swaglabs login page
2021-11-08 23:15:12 INFO  StepDefinitions:41 - Enter a invalid username as a {string} and valid password as a {string}
2021-11-08 23:15:12 INFO  StepDefinitions:31 - Click on login button
2021-11-08 23:15:13 INFO  StepDefinitions:84 - Click on x button beside the username
2021-11-08 23:15:15 INFO  StepDefinitions:20 - Launch a web browser to go to Swaglabs login page
2021-11-08 23:15:16 INFO  StepDefinitions:41 - Enter a invalid username as a {string} and valid password as a {string}
2021-11-08 23:15:16 INFO  StepDefinitions:31 - Click on login button
2021-11-08 23:15:16 INFO  StepDefinitions:94 - Click on x button beside the password
2021-11-08 23:18:37 INFO  StepDefinitions:20 - Launch a web browser to go to Swaglabs login page
2021-11-08 23:18:37 INFO  StepDefinitions:25 - Enter a valid username as a {string} and password as a {string}
2021-11-08 23:18:37 INFO  StepDefinitions:31 - Click on login button
2021-11-08 23:18:38 INFO  StepDefinitions:36 - Verify the products page to make sure success login
